[    0.000000] Initializing cgroup subsys cpuset
[    0.000000] Initializing cgroup subsys cpu
[    0.000000] Initializing cgroup subsys cpuacct
[    0.000000] Linux version 4.4.0-176-generic (buildd@lgw01-amd64-035) (gcc version 5.4.0 20160609 (Ubuntu 5.4.0-6ubuntu1~16.04.12) ) #206-Ubuntu SMP Fri Feb 28 05:02:04 UTC 2020 (Ubuntu 4.4.0-176.206-generic 4.4.211)
[    0.000000] Command line: BOOT_IMAGE=/boot/vmlinuz-4.4.0-176-generic root=LABEL=cloudimg-rootfs ro console=tty1 console=ttyS0
[    0.000000] KERNEL supported cpus:
[    0.000000]   Intel GenuineIntel
[    0.000000]   AMD AuthenticAMD
[    0.000000]   Centaur CentaurHauls
[    0.000000] [Firmware Bug]: TSC doesn't count with P0 frequency!
[    0.000000] x86/fpu: xstate_offset[2]:  576, xstate_sizes[2]:  256
[    0.000000] x86/fpu: Supporting XSAVE feature 0x01: 'x87 floating point registers'
[    0.000000] x86/fpu: Supporting XSAVE feature 0x02: 'SSE registers'
[    0.000000] x86/fpu: Supporting XSAVE feature 0x04: 'AVX registers'
[    0.000000] x86/fpu: Enabled xstate features 0x7, context size is 832 bytes, using 'standard' format.
[    0.000000] e820: BIOS-provided physical RAM map:
[    0.000000] BIOS-e820: [mem 0x0000000000000000-0x000000000009fbff] usable
[    0.000000] BIOS-e820: [mem 0x000000000009fc00-0x000000000009ffff] reserved
[    0.000000] BIOS-e820: [mem 0x00000000000f0000-0x00000000000fffff] reserved
[    0.000000] BIOS-e820: [mem 0x0000000000100000-0x000000003ffeffff] usable
[    0.000000] BIOS-e820: [mem 0x000000003fff0000-0x000000003fffffff] ACPI data
[    0.000000] BIOS-e820: [mem 0x00000000fec00000-0x00000000fec00fff] reserved
[    0.000000] BIOS-e820: [mem 0x00000000fee00000-0x00000000fee00fff] reserved
[    0.000000] BIOS-e820: [mem 0x00000000fffc0000-0x00000000ffffffff] reserved
[    0.000000] NX (Execute Disable) protection: active
[    0.000000] SMBIOS 2.5 present.
[    0.000000] Hypervisor detected: KVM
[    0.000000] Kernel/User page tables isolation: disabled
[    0.000000] e820: last_pfn = 0x3fff0 max_arch_pfn = 0x400000000
[    0.000000] MTRR: Disabled
[    0.000000] x86/PAT: MTRRs disabled, skipping PAT initialization too.
[    0.000000] CPU MTRRs all blank - virtualized system.
[    0.000000] x86/PAT: Configuration [0-7]: WB  WT  UC- UC  WB  WT  UC- UC  
[    0.000000] found SMP MP-table at [mem 0x0009fff0-0x0009ffff] mapped at [ffff88000009fff0]
[    0.000000] Scanning 1 areas for low memory corruption
[    0.000000] RAMDISK: [mem 0x362e0000-0x37167fff]
[    0.000000] ACPI: Early table checksum verification disabled
[    0.000000] ACPI: RSDP 0x00000000000E0000 000024 (v02 VBOX  )
[    0.000000] ACPI: XSDT 0x000000003FFF0030 00003C (v01 VBOX   VBOXXSDT 00000001 ASL  00000061)
[    0.000000] ACPI: FACP 0x000000003FFF00F0 0000F4 (v04 VBOX   VBOXFACP 00000001 ASL  00000061)
[    0.000000] ACPI: DSDT 0x000000003FFF0470 002325 (v02 VBOX   VBOXBIOS 00000002 INTL 20100528)
[    0.000000] ACPI: FACS 0x000000003FFF0200 000040
[    0.000000] ACPI: FACS 0x000000003FFF0200 000040
[    0.000000] ACPI: APIC 0x000000003FFF0240 00005C (v02 VBOX   VBOXAPIC 00000001 ASL  00000061)
[    0.000000] ACPI: SSDT 0x000000003FFF02A0 0001CC (v01 VBOX   VBOXCPUT 00000002 INTL 20100528)
[    0.000000] No NUMA configuration found
[    0.000000] Faking a node at [mem 0x0000000000000000-0x000000003ffeffff]
[    0.000000] NODE_DATA(0) allocated [mem 0x3ffeb000-0x3ffeffff]
[    0.000000] kvm-clock: Using msrs 4b564d01 and 4b564d00
[    0.000000] kvm-clock: cpu 0, msr 0:3ffe3001, primary cpu clock
[    0.000000] kvm-clock: using sched offset of 3854445823 cycles
[    0.000000] clocksource: kvm-clock: mask: 0xffffffffffffffff max_cycles: 0x1cd42e4dffb, max_idle_ns: 881590591483 ns
[    0.000000] Zone ranges:
[    0.000000]   DMA      [mem 0x0000000000001000-0x0000000000ffffff]
[    0.000000]   DMA32    [mem 0x0000000001000000-0x000000003ffeffff]
[    0.000000]   Normal   empty
[    0.000000]   Device   empty
[    0.000000] Movable zone start for each node
[    0.000000] Early memory node ranges
[    0.000000]   node   0: [mem 0x0000000000001000-0x000000000009efff]
[    0.000000]   node   0: [mem 0x0000000000100000-0x000000003ffeffff]
[    0.000000] Initmem setup node 0 [mem 0x0000000000001000-0x000000003ffeffff]
[    0.000000] ACPI: PM-Timer IO Port: 0x4008
[    0.000000] IOAPIC[0]: apic_id 2, version 32, address 0xfec00000, GSI 0-23
[    0.000000] ACPI: INT_SRC_OVR (bus 0 bus_irq 0 global_irq 2 dfl dfl)
[    0.000000] ACPI: INT_SRC_OVR (bus 0 bus_irq 9 global_irq 9 low level)
[    0.000000] Using ACPI (MADT) for SMP configuration information
[    0.000000] smpboot: Allowing 2 CPUs, 0 hotplug CPUs
[    0.000000] PM: Registered nosave memory: [mem 0x00000000-0x00000fff]
[    0.000000] PM: Registered nosave memory: [mem 0x0009f000-0x0009ffff]
[    0.000000] PM: Registered nosave memory: [mem 0x000a0000-0x000effff]
[    0.000000] PM: Registered nosave memory: [mem 0x000f0000-0x000fffff]
[    0.000000] e820: [mem 0x40000000-0xfebfffff] available for PCI devices
[    0.000000] Booting paravirtualized kernel on KVM
[    0.000000] clocksource: refined-jiffies: mask: 0xffffffff max_cycles: 0xffffffff, max_idle_ns: 7645519600211568 ns
[    0.000000] setup_percpu: NR_CPUS:512 nr_cpumask_bits:512 nr_cpu_ids:2 nr_node_ids:1
[    0.000000] PERCPU: Embedded 33 pages/cpu @ffff88003fc00000 s95448 r8192 d31528 u1048576
[    0.000000] Built 1 zonelists in Node order, mobility grouping on.  Total pages: 257912
[    0.000000] Policy zone: DMA32
[    0.000000] Kernel command line: BOOT_IMAGE=/boot/vmlinuz-4.4.0-176-generic root=LABEL=cloudimg-rootfs ro console=tty1 console=ttyS0
[    0.000000] PID hash table entries: 4096 (order: 3, 32768 bytes)
[    0.000000] Memory: 997672K/1048120K available (8626K kernel code, 1336K rwdata, 4032K rodata, 1488K init, 1292K bss, 50448K reserved, 0K cma-reserved)
[    0.000000] SLUB: HWalign=64, Order=0-3, MinObjects=0, CPUs=2, Nodes=1
[    0.000000] Hierarchical RCU implementation.
[    0.000000] 	Build-time adjustment of leaf fanout to 64.
[    0.000000] 	RCU restricting CPUs from NR_CPUS=512 to nr_cpu_ids=2.
[    0.000000] RCU: Adjusting geometry for rcu_fanout_leaf=64, nr_cpu_ids=2
[    0.000000] NR_IRQS:33024 nr_irqs:440 16
[    0.000000] Console: colour VGA+ 80x25
[    0.000000] console [tty1] enabled
[    0.000000] console [ttyS0] enabled
[    0.000000] tsc: Detected 3499.974 MHz processor
[    0.230858] Calibrating delay loop (skipped) preset value.. 6999.94 BogoMIPS (lpj=13999896)
[    0.232988] pid_max: default: 32768 minimum: 301
[    0.233748] ACPI: Core revision 20150930
[    0.235215] ACPI: 2 ACPI AML tables successfully acquired and loaded
[    0.236260] Security Framework initialized
[    0.236951] Yama: becoming mindful.
[    0.237565] AppArmor: AppArmor initialized
[    0.238281] Dentry cache hash table entries: 131072 (order: 8, 1048576 bytes)
[    0.239718] Inode-cache hash table entries: 65536 (order: 7, 524288 bytes)
[    0.276445] Mount-cache hash table entries: 2048 (order: 2, 16384 bytes)
[    0.277502] Mountpoint-cache hash table entries: 2048 (order: 2, 16384 bytes)
[    0.279079] Initializing cgroup subsys io
[    0.279867] Initializing cgroup subsys memory
[    0.280608] Initializing cgroup subsys devices
[    0.281330] Initializing cgroup subsys freezer
[    0.282975] Initializing cgroup subsys net_cls
[    0.283736] Initializing cgroup subsys perf_event
[    0.284484] Initializing cgroup subsys net_prio
[    0.285222] Initializing cgroup subsys hugetlb
[    0.285967] Initializing cgroup subsys pids
[    0.399138] mce: CPU supports 0 MCE banks
[    0.400028] Last level iTLB entries: 4KB 1024, 2MB 1024, 4MB 512
[    0.401120] Last level dTLB entries: 4KB 1536, 2MB 1536, 4MB 768, 1GB 0
[    0.402351] Spectre V1 : Mitigation: usercopy/swapgs barriers and __user pointer sanitization
[    0.404055] Spectre V2 : Spectre mitigation: LFENCE not serializing, switching to generic retpoline
[    0.405663] Spectre V2 : Mitigation: Full generic retpoline
[    0.406935] Spectre V2 : Spectre v2 / SpectreRSB mitigation: Filling RSB on context switch
[    0.408604] Speculative Store Bypass: Mitigation: Speculative Store Bypass disabled via prctl and seccomp
[    0.413573] Freeing SMP alternatives memory: 36K
[    0.420731] ftrace: allocating 32305 entries in 127 pages
[    0.491240] smpboot: APIC(0) Converting physical 0 to logical package 0
[    0.492443] smpboot: Max logical packages: 1
[    0.493549] x2apic enabled
[    0.494597] Switched APIC routing to physical x2apic.
[    0.496919] ..TIMER: vector=0x30 apic1=0 pin1=2 apic2=-1 pin2=-1
[    0.606341] smpboot: CPU0: AMD Ryzen 3 2200G with Radeon Vega Graphics (family: 0x17, model: 0x11, stepping: 0x0)
[    0.608640] Performance Events: Broken PMU hardware detected, using software events only.
[    0.610358] Failed to access perfctr msr (MSR c0010007 is 0)
[    0.619834] KVM setup paravirtual spinlock
[    0.623207] x86: Booting SMP configuration:
[    0.623967] .... node  #0, CPUs:      #1
[    0.624746] kvm-clock: cpu 1, msr 0:3ffe3041, secondary cpu clock
[    0.749684] mce: CPU supports 0 MCE banks
[    0.752851] x86: Booted up 1 node, 2 CPUs
[    0.754281] smpboot: Total of 2 processors activated (13999.89 BogoMIPS)
[    0.756084] devtmpfs: initialized
[    0.758695] evm: security.selinux
[    0.759487] evm: security.SMACK64
[    0.760219] evm: security.SMACK64EXEC
[    0.760876] evm: security.SMACK64TRANSMUTE
[    0.762035] evm: security.SMACK64MMAP
[    0.763339] evm: security.ima
[    0.764035] evm: security.capability
[    0.764907] clocksource: jiffies: mask: 0xffffffff max_cycles: 0xffffffff, max_idle_ns: 7645041785100000 ns
[    0.767349] futex hash table entries: 512 (order: 3, 32768 bytes)
[    0.768751] pinctrl core: initialized pinctrl subsystem
[    0.769901] RTC time:  0:43:15, date: 03/23/20
[    0.808520] NET: Registered protocol family 16
[    0.819442] cpuidle: using governor ladder
[    0.831180] cpuidle: using governor menu
[    0.832273] PCCT header not found.
[    0.834229] ACPI: bus type PCI registered
[    0.834904] acpiphp: ACPI Hot Plug PCI Controller Driver version: 0.5
[    0.835950] PCI: Using configuration type 1 for base access
[    0.836803] PCI: Using configuration type 1 for extended access
[    0.847565] ACPI: Added _OSI(Module Device)
[    0.848435] ACPI: Added _OSI(Processor Device)
[    0.849522] ACPI: Added _OSI(3.0 _SCP Extensions)
[    0.850548] ACPI: Added _OSI(Processor Aggregator Device)
[    0.852348] ACPI: Executed 1 blocks of module-level executable AML code
[    0.855606] ACPI: Interpreter enabled
[    0.856405] ACPI: (supports S0 S5)
[    0.857144] ACPI: Using IOAPIC for interrupt routing
[    0.858070] PCI: Using host bridge windows from ACPI; if necessary, use "pci=nocrs" and report a bug
[    0.862729] ACPI: PCI Root Bridge [PCI0] (domain 0000 [bus 00-ff])
[    0.863728] acpi PNP0A03:00: _OSC: OS supports [ExtendedConfig ASPM ClockPM Segments MSI]
[    0.865595] acpi PNP0A03:00: _OSC: platform does not support [PCIeCapability]
[    0.867515] acpi PNP0A03:00: _OSC: not requesting control; platform does not support [PCIeCapability]
[    0.869799] acpi PNP0A03:00: _OSC: OS requested [PCIeHotplug PME AER PCIeCapability]
[    0.871372] acpi PNP0A03:00: _OSC: platform willing to grant [PCIeHotplug PME AER]
[    0.872894] acpi PNP0A03:00: _OSC failed (AE_SUPPORT); disabling ASPM
[    0.874279] PCI host bridge to bus 0000:00
[    0.874966] pci_bus 0000:00: root bus resource [io  0x0000-0x0cf7 window]
[    0.885722] pci_bus 0000:00: root bus resource [io  0x0d00-0xffff window]
[    0.886761] pci_bus 0000:00: root bus resource [mem 0x000a0000-0x000bffff window]
[    0.888013] pci_bus 0000:00: root bus resource [mem 0x40000000-0xfdffffff window]
[    0.889244] pci_bus 0000:00: root bus resource [bus 00-ff]
[    0.891756] pci 0000:00:01.1: legacy IDE quirk: reg 0x10: [io  0x01f0-0x01f7]
[    0.892993] pci 0000:00:01.1: legacy IDE quirk: reg 0x14: [io  0x03f6]
[    0.894169] pci 0000:00:01.1: legacy IDE quirk: reg 0x18: [io  0x0170-0x0177]
[    0.895747] pci 0000:00:01.1: legacy IDE quirk: reg 0x1c: [io  0x0376]
[    0.915200] pci 0000:00:07.0: quirk: [io  0x4000-0x403f] claimed by PIIX4 ACPI
[    0.916738] pci 0000:00:07.0: quirk: [io  0x4100-0x410f] claimed by PIIX4 SMB
[    0.924268] ACPI: PCI Interrupt Link [LNKA] (IRQs 5 9 10 *11)
[    0.926035] ACPI: PCI Interrupt Link [LNKB] (IRQs 5 9 *10 11)
[    0.927595] ACPI: PCI Interrupt Link [LNKC] (IRQs 5 *9 10 11)
[    0.929663] ACPI: PCI Interrupt Link [LNKD] (IRQs 5 9 10 *11)
[    0.931558] ACPI: Enabled 2 GPEs in block 00 to 07
[    0.932935] vgaarb: setting as boot device: PCI:0000:00:02.0
[    0.933962] vgaarb: device added: PCI:0000:00:02.0,decodes=io+mem,owns=io+mem,locks=none
[    0.935511] vgaarb: loaded
[    0.936177] vgaarb: bridge control possible 0000:00:02.0
[    0.937816] SCSI subsystem initialized
[    0.938869] ACPI: bus type USB registered
[    0.939736] usbcore: registered new interface driver usbfs
[    0.940819] usbcore: registered new interface driver hub
[    0.941863] usbcore: registered new device driver usb
[    0.943059] PCI: Using ACPI for IRQ routing
[    0.944131] NetLabel: Initializing
[    0.945094] NetLabel:  domain hash size = 128
[    0.946125] NetLabel:  protocols = UNLABELED CIPSOv4
[    0.947124] NetLabel:  unlabeled traffic allowed by default
[    0.948356] amd_nb: Cannot enumerate AMD northbridges
[    0.949380] clocksource: Switched to clocksource kvm-clock
[    1.020159] AppArmor: AppArmor Filesystem Enabled
[    1.021171] pnp: PnP ACPI init
[    1.022612] pnp: PnP ACPI: found 3 devices
[    1.031799] clocksource: acpi_pm: mask: 0xffffff max_cycles: 0xffffff, max_idle_ns: 2085701024 ns
[    1.034295] NET: Registered protocol family 2
[    1.035536] TCP established hash table entries: 8192 (order: 4, 65536 bytes)
[    1.036724] TCP bind hash table entries: 8192 (order: 5, 131072 bytes)
[    1.037804] TCP: Hash tables configured (established 8192 bind 8192)
[    1.066308] UDP hash table entries: 512 (order: 2, 16384 bytes)
[    1.067788] UDP-Lite hash table entries: 512 (order: 2, 16384 bytes)
[    1.068874] NET: Registered protocol family 1
[    1.069560] pci 0000:00:00.0: Limiting direct PCI/PCI transfers
[    1.070448] pci 0000:00:01.0: Activating ISA DMA hang workarounds
[    1.071663] Unpacking initramfs...
[    1.809390] Freeing initrd memory: 14880K
[    1.810867] clocksource: tsc: mask: 0xffffffffffffffff max_cycles: 0x3273389f0cd, max_idle_ns: 440795362228 ns
[    1.812591] platform rtc_cmos: registered platform RTC device (no PNP device found)
[    1.814278] Scanning for low memory corruption every 60 seconds
[    1.817033] audit: initializing netlink subsys (disabled)
[    1.818216] audit: type=2000 audit(1584924201.880:1): initialized
[    1.820023] Initialise system trusted keyring
[    1.821683] HugeTLB registered 2 MB page size, pre-allocated 0 pages
[    1.823862] zbud: loaded
[    1.824945] VFS: Disk quotas dquot_6.6.0
[    1.825784] VFS: Dquot-cache hash table entries: 512 (order 0, 4096 bytes)
[    1.827017] squashfs: version 4.0 (2009/01/31) Phillip Lougher
[    1.828228] fuse init (API version 7.23)
[    1.829289] Key type big_key registered
[    1.830583] Allocating IMA MOK and blacklist keyrings.
[    1.856137] Key type asymmetric registered
[    1.856925] Asymmetric key parser 'x509' registered
[    1.857766] Block layer SCSI generic (bsg) driver version 0.4 loaded (major 249)
[    1.859318] io scheduler noop registered
[    1.860150] io scheduler deadline registered (default)
[    1.861183] io scheduler cfq registered
[    1.862005] pci_hotplug: PCI Hot Plug PCI Core version: 0.5
[    1.863058] pciehp: PCI Express Hot Plug Controller Driver version: 0.4
[    1.864346] ACPI: AC Adapter [AC] (on-line)
[    1.865131] input: Power Button as /devices/LNXSYSTM:00/LNXPWRBN:00/input/input0
[    1.866743] ACPI: Power Button [PWRF]
[    1.867646] input: Sleep Button as /devices/LNXSYSTM:00/LNXSLPBN:00/input/input1
[    1.869687] ACPI: Sleep Button [SLPF]
[    1.870535] GHES: HEST is not enabled!
[    1.871309] Serial: 8250/16550 driver, 32 ports, IRQ sharing enabled
[    1.893190] 00:02: ttyS0 at I/O 0x3f8 (irq = 4, base_baud = 115200) is a 16550A
[    1.896772] Linux agpgart interface v0.103
[    1.899338] loop: module loaded
[    1.900489] scsi host0: ata_piix
[    1.901589] scsi host1: ata_piix
[    1.902395] ata1: PATA max UDMA/33 cmd 0x1f0 ctl 0x3f6 bmdma 0xd000 irq 14
[    1.903647] ata2: PATA max UDMA/33 cmd 0x170 ctl 0x376 bmdma 0xd008 irq 15
[    1.905315] libphy: Fixed MDIO Bus: probed
[    1.906004] tun: Universal TUN/TAP device driver, 1.6
[    1.906820] tun: (C) 1999-2004 Max Krasnyansky <maxk@qualcomm.com>
[    1.907853] PPP generic driver version 2.4.2
[    1.908816] ehci_hcd: USB 2.0 'Enhanced' Host Controller (EHCI) Driver
[    1.910052] ehci-pci: EHCI PCI platform driver
[    1.913199] ehci-platform: EHCI generic platform driver
[    1.914235] ohci_hcd: USB 1.1 'Open' Host Controller (OHCI) Driver
[    1.915393] ohci-pci: OHCI PCI platform driver
[    1.916319] ohci-platform: OHCI generic platform driver
[    1.917413] uhci_hcd: USB Universal Host Controller Interface driver
[    1.919099] i8042: PNP: PS/2 Controller [PNP0303:PS2K,PNP0f03:PS2M] at 0x60,0x64 irq 1,12
[    1.921280] serio: i8042 KBD port at 0x60,0x64 irq 1
[    1.922186] serio: i8042 AUX port at 0x60,0x64 irq 12
[    1.923205] mousedev: PS/2 mouse device common for all mice
[    1.924340] input: AT Translated Set 2 keyboard as /devices/platform/i8042/serio0/input/input2
[    1.926104] rtc_cmos rtc_cmos: rtc core: registered rtc_cmos as rtc0
[    1.927086] rtc_cmos rtc_cmos: alarms up to one day, 114 bytes nvram
[    1.927986] i2c /dev entries driver
[    1.928623] device-mapper: uevent: version 1.0.3
[    1.929429] device-mapper: ioctl: 4.34.0-ioctl (2015-10-28) initialised: dm-devel@redhat.com
[    1.931218] ledtrig-cpu: registered to indicate activity on CPUs
[    1.932913] NET: Registered protocol family 10
[    1.934253] NET: Registered protocol family 17
[    1.935407] Key type dns_resolver registered
[    1.936759] registered taskstats version 1
[    1.937426] Loading compiled-in X.509 certificates
[    1.938846] Loaded X.509 cert 'Build time autogenerated kernel key: c2b7431ed9258328a3a0cf301f850647788d8e61'
[    1.940358] zswap: loaded using pool lzo/zbud
[    1.943009] Key type trusted registered
[    1.947580] Key type encrypted registered
[    1.948457] AppArmor: AppArmor sha1 policy hashing enabled
[    1.949494] ima: No TPM chip found, activating TPM-bypass!
[    1.950612] ima: Allocated hash algorithm: sha1
[    1.951756] evm: HMAC attrs: 0x1
[    1.953005]   Magic number: 12:390:709
[    1.953909] rtc_cmos rtc_cmos: setting system clock to 2020-03-23 00:43:16 UTC (1584924196)
[    1.955686] BIOS EDD facility v0.16 2004-Jun-25, 0 devices found
[    1.956789] EDD information not available.
[    2.157422] Freeing unused kernel memory: 1488K
[    2.158302] Write protecting the kernel read-only data: 14336k
[    2.159855] Freeing unused kernel memory: 1604K
[    2.160904] Freeing unused kernel memory: 64K
Loading, please wait...
starting version 229
[    2.175219] random: systemd-udevd: uninitialized urandom read (16 bytes read, 5 bits of entropy available)
[    2.175947] random: udevadm: uninitialized urandom read (16 bytes read, 5 bits of entropy available)
[    2.176042] random: udevadm: uninitialized urandom read (16 bytes read, 5 bits of entropy available)
[    2.180516] random: systemd-udevd: uninitialized urandom read (16 bytes read, 5 bits of entropy available)
[    2.183515] random: systemd-udevd: uninitialized urandom read (16 bytes read, 5 bits of entropy available)
[    2.185065] random: udevadm: uninitialized urandom read (16 bytes read, 5 bits of entropy available)
[    2.185152] random: systemd-udevd: uninitialized urandom read (16 bytes read, 5 bits of entropy available)
[    2.185860] random: systemd-udevd: uninitialized urandom read (16 bytes read, 5 bits of entropy available)
[    2.185950] random: systemd-udevd: uninitialized urandom read (16 bytes read, 5 bits of entropy available)
[    2.186033] random: systemd-udevd: uninitialized urandom read (16 bytes read, 5 bits of entropy available)
[    2.320671] Fusion MPT base driver 3.04.20
[    2.321660] Copyright (c) 1999-2008 LSI Corporation
[    2.326529] e1000: Intel(R) PRO/1000 Network Driver - version 7.3.21-k8-NAPI
[    2.327856] e1000: Copyright (c) 1999-2006 Intel Corporation.
[    2.331442] Fusion MPT SPI Host driver 3.04.20
[    2.364641] AVX2 version of gcm_enc/dec engaged.
[    2.365879] AES CTR mode by8 optimization enabled
[    2.540409] input: ImExPS/2 Generic Explorer Mouse as /devices/platform/i8042/serio1/input/input4
[    2.822636] e1000 0000:00:03.0 eth0: (PCI:33MHz:32-bit) 02:90:e9:96:cf:60
[    2.823863] e1000 0000:00:03.0 eth0: Intel(R) PRO/1000 Network Connection
[    2.826143] mptbase: ioc0: Initiating bringup
[    2.827092] e1000 0000:00:03.0 enp0s3: renamed from eth0
[    3.360045] ioc0: LSI53C1030 A0: Capabilities={Initiator}
[    4.846736] scsi host2: ioc0: LSI53C1030 A0, FwRev=00000000h, Ports=1, MaxQ=256, IRQ=20
[    6.110138] scsi 2:0:0:0: Direct-Access     VBOX     HARDDISK         1.0  PQ: 0 ANSI: 5
[    6.112271] scsi target2:0:0: Beginning Domain Validation
[    6.124422] scsi target2:0:0: Domain Validation skipping write tests
[    6.125615] scsi target2:0:0: Ending Domain Validation
[    6.126710] scsi target2:0:0: asynchronous
[    6.127942] scsi 2:0:1:0: Direct-Access     VBOX     HARDDISK         1.0  PQ: 0 ANSI: 5
[    6.129147] scsi target2:0:1: Beginning Domain Validation
[    6.130934] scsi target2:0:1: Domain Validation skipping write tests
[    6.131793] scsi target2:0:1: Ending Domain Validation
[    6.132580] scsi target2:0:1: asynchronous
[    6.139963] sd 2:0:0:0: Attached scsi generic sg0 type 0
[    6.141436] sd 2:0:0:0: [sda] 20971520 512-byte logical blocks: (10.7 GB/10.0 GiB)
[    6.143628] sd 2:0:1:0: [sdb] 20480 512-byte logical blocks: (10.5 MB/10.0 MiB)
[    6.146247] sd 2:0:0:0: [sda] Write Protect is off
[    6.146367] sd 2:0:1:0: [sdb] Write Protect is off
[    6.146457] sd 2:0:1:0: [sdb] Incomplete mode parameter data
[    6.146458] sd 2:0:1:0: [sdb] Assuming drive cache: write through
[    6.150091] sd 2:0:0:0: [sda] Incomplete mode parameter data
[    6.150664] sd 2:0:1:0: Attached scsi generic sg1 type 0
[    6.152241] sd 2:0:0:0: [sda] Assuming drive cache: write through
[    6.153291] sd 2:0:1:0: [sdb] Attached SCSI disk
[    6.156546]  sda: sda1
[    6.158211] sd 2:0:0:0: [sda] Attached SCSI disk
Begin: Loading essential drivers ... [    7.497775] md: linear personality registered for level -1
[    7.501211] md: multipath personality registered for level -4
[    7.504494] md: raid0 personality registered for level 0
[    7.509064] md: raid1 personality registered for level 1
[    7.582303] raid6: sse2x1   gen()  6398 MB/s
[    7.649747] raid6: sse2x1   xor()  6439 MB/s
[    7.719164] raid6: sse2x2   gen() 13006 MB/s
[    7.785653] raid6: sse2x2   xor()  8442 MB/s
[    7.854255] raid6: sse2x4   gen() 13315 MB/s
[    7.921586] raid6: sse2x4   xor()  6354 MB/s
[    7.990175] raid6: avx2x1   gen() 13584 MB/s
[    8.057520] raid6: avx2x2   gen() 18482 MB/s
[    8.125999] raid6: avx2x4   gen() 19107 MB/s
[    8.127144] raid6: using algorithm avx2x4 gen() 19107 MB/s
[    8.128000] raid6: using avx2x2 recovery algorithm
[    8.129863] xor: automatically using best checksumming function:
[    8.173878]    avx       : 10721.000 MB/sec
[    8.175730] async_tx: api initialized (async)
[    8.187788] md: raid6 personality registered for level 6
[    8.188847] md: raid5 personality registered for level 5
[    8.189880] md: raid4 personality registered for level 4
[    8.198051] md: raid10 personality registered for level 10
done.
Begin: Running /scripts/init-premount ... done.
Begin: Mounting root file system ... Begin: Running /scripts/local-top ... done.
Begin: Running /scripts/local-premount ... [    8.232464] Btrfs loaded
Scanning for Btrfs filesystems
done.
Warning: fsck not present, so skipping root file system
[    8.268491] EXT4-fs (sda1): mounted filesystem with ordered data mode. Opts: (null)
done.
Begin: Running /scripts/local-bottom ... done.
Begin: Running /scripts/init-bottom ... done.
[    8.413551] systemd[1]: systemd 229 running in system mode. (+PAM +AUDIT +SELINUX +IMA +APPARMOR +SMACK +SYSVINIT +UTMP +LIBCRYPTSETUP +GCRYPT +GNUTLS +ACL +XZ -LZ4 +SECCOMP +BLKID +ELFUTILS +KMOD -IDN)
[    8.417732] systemd[1]: Detected virtualization oracle.
[    8.418807] systemd[1]: Detected architecture x86-64.

Welcome to [1mUbuntu 16.04.6 LTS[0m!

[    8.423044] systemd[1]: Set hostname to <ubuntu>.
[    8.426123] systemd[1]: Initializing machine ID from random generator.
[    8.428393] systemd[1]: Installed transient /etc/machine-id file.
[    8.576300] systemd[1]: Listening on Journal Socket.
[[0;32m  OK  [0m] Listening on Journal Socket.
[    8.579123] systemd[1]: Reached target System Time Synchronized.
[[0;32m  OK  [0m] Reached target System Time Synchronized.
[    8.581863] systemd[1]: Created slice System Slice.
[[0;32m  OK  [0m] Created slice System Slice.
[    8.594247] systemd[1]: Mounting Huge Pages File System...
         Mounting Huge Pages File System...
[    8.597913] systemd[1]: Created slice system-serial\x2dgetty.slice.
[[0;32m  OK  [0m] Created slice system-serial\x2dgetty.slice.
[    8.601082] systemd[1]: Mounting POSIX Message Queue File System...
         Mounting POSIX Message Queue File System...
[    8.604216] systemd[1]: Starting Remount Root and Kernel File Systems...
         Starting Remount Root and Kernel File Systems...
[    8.607657] systemd[1]: Starting Create list of required static device nodes for the current kernel...
[    8.609652] EXT4-fs (sda1): re-mounted. Opts: (null)
         Starting Create list of required st... nodes for the current kernel...
[    8.613117] systemd[1]: Listening on /dev/initctl Compatibility Named Pipe.
[[0;32m  OK  [0m] Listening on /dev/initctl Compatibility Named Pipe.
[    8.616011] systemd[1]: Listening on Syslog Socket.
[[0;32m  OK  [0m] Listening on Syslog Socket.
[    8.618460] systemd[1]: Listening on udev Kernel Socket.
[[0;32m  OK  [0m] Listening on udev Kernel Socket.
[    8.620047] systemd[1]: Reached target User and Group Name Lookups.
[[0;32m  OK  [0m] Reached target User and Group Name Lookups.
[    8.622293] systemd[1]: Starting Nameserver information manager...
         Starting Nameserver information manager...
[    8.624860] systemd[1]: Started Trigger resolvconf update for networkd DNS.
[[0;32m  OK  [0m] Started Trigger resolvconf update for networkd DNS.
[    8.627379] systemd[1]: Listening on LVM2 metadata daemon socket.
[[0;32m  OK  [0m] Listening on LVM2 metadata daemon socket.
[    8.630553] systemd[1]: Starting Set console keymap...
         Starting Set console keymap...
[    8.635051] systemd[1]: Starting Load Kernel Modules...
         Starting Load Kernel Modules...
[    8.637142] systemd[1]: Listening on Journal Audit Socket.
[[0;32m  OK  [0m] Listening on Journal Audit Socket.
[    8.638848] systemd[1]: Reached target Encrypted Volumes.
[[0;32m  OK  [0m] Reached target Encrypted Volumes.
[    8.640765] systemd[1]: Listening on LVM2 poll daemon socket.
[[0;32m  OK  [0m] Listening on LVM2 poll daemon socket.
[    8.642841] systemd[1]: Listening on udev Control Socket.
[[0;32m  OK  [0m] Listening on udev Control Socket.
[    8.646296] systemd[1]: Created slice User and Session Slice.
[[0;32m  OK  [0m] Created slice User and Session Slice.
[    8.649223] systemd[1]: Reached target Slices.
[    8.651998] Loading iSCSI transport class v2.0-870.
[[0;32m  OK  [0m] Reached target Slices.
[    8.654152] systemd[1]: Listening on Device-mapper event daemon FIFOs.
[[0;32m  OK  [0m] Listening on Device-mapper event daemon FIFOs.
[    8.666316] iscsi: registered transport (tcp)
[    8.669893] systemd[1]: Starting Monitoring of LVM2 mirrors, snapshots etc. using dmeventd or progress polling...
         Starting Monitoring of LVM2 mirrors... dmeventd or progress polling...
[    8.674129] systemd[1]: Mounting Debug File System...
         Mounting Debug File System...
[    8.682104] systemd[1]: Reached target Swap.
[[0;32m  OK  [0m] Reached target Swap.
[    8.685522] systemd[1]: Starting Uncomplicated firewall...
         Starting Uncomplicated firewall...
[    8.721345] systemd[1]: Listening on Journal Socket (/dev/log).
[[0;32m  OK  [0m] Listening on Journal Socket (/dev/log).
[    8.724633] systemd[1]: Starting Journal Service...
         Starting Journal Service...
[    8.734334] systemd[1]: Set up automount Arbitrary Executable File Formats File System Automount Point.
[[0;32m  OK  [0m] Set up automount Arbitrary Executab...ats File System Automount Point.
[    8.738627] systemd[1]: Started Forward Password Requests to Wall Directory Watch.
[[0;32m  OK  [0m] Started Forward Password Requests to Wall Directory Watch.
[    8.777693] iscsi: registered transport (iser)
[    8.787177] systemd[1]: Mounted POSIX Message Queue File System.
[[0;32m  OK  [0m] Mounted POSIX Message Queue File System.
[    8.789317] systemd[1]: Mounted Huge Pages File System.
[[0;32m  OK  [0m] Mounted Huge Pages File System.
[    8.791363] systemd[1]: Mounted Debug File System.
[[0;32m  OK  [0m] Mounted Debug File System.
[    8.793724] systemd[1]: Started Remount Root and Kernel File Systems.
[[0;32m  OK  [0m] Started Remount Root and Kernel File Systems.
[    8.798461] systemd[1]: Started Create list of required static device nodes for the current kernel.
[[0;32m  OK  [0m] Started Create list of required sta...ce nodes for the current kernel.
[    8.802838] systemd[1]: Started Set console keymap.
[[0;32m  OK  [0m] Started Set console keymap.
[    8.806158] systemd[1]: Started Load Kernel Modules.
[[0;32m  OK  [0m] Started Load Kernel Modules.
[    8.808507] systemd[1]: Started Uncomplicated firewall.
[[0;32m  OK  [0m] [    8.810349] random: nonblocking pool is initialized
Started Uncomplicated firewall.
[    8.812349] systemd[1]: Started Nameserver information manager.
[[0;32m  OK  [0m] Started Nameserver information manager.
[    8.817200] systemd[1]: Started Journal Service.
[[0;32m  OK  [0m] Started Journal Service.
[[0;32m  OK  [0m] Started LVM2 metadata daemon.
         Starting Apply Kernel Variables...
         Mounting FUSE Control File System...
         Starting Create Static Device Nodes in /dev...
         Starting Load/Save Random Seed...
         Starting udev Coldplug all Devices...
         Starting Flush Journal to Persistent Storage...
[[0;32m  OK  [0m] Mounted FUSE Control File System.
[[0;32m  OK  [0m] Started Apply Kernel Variables.
[[0;32m  OK  [0m] Started Load/Save Random Seed.
[[0;32m  OK  [0m] Started Flush Journal to Persistent Storage.
[[0;32m  OK  [0m] Started Create Static Device Nodes in /dev.
         Starting udev Kernel Device Manager...
[[0;32m  OK  [0m] Started udev Coldplug all Devices.
[[0;32m  OK  [0m] Started udev Kernel Device Manager.
[[0;32m  OK  [0m] Started Dispatch Password Requests to Console Directory Watch.
[[0;32m  OK  [0m] Started Monitoring of LVM2 mirrors,...ng dmeventd or progress polling.
[[0;32m  OK  [0m] Reached target Local File Systems (Pre).
[[0;32m  OK  [0m] Reached target Local File Systems.
         Starting Set console font and keymap...
         Starting Create Volatile Files and Directories...
         Starting LSB: AppArmor initialization...
         Starting Initial cloud-init job (pre-networking)...
         Starting Commit a transient machine-id on disk...
         Starting Tell Plymouth To Write Out Runtime Data...
[[0;32m  OK  [0m] Started Tell Plymouth To Write Out Runtime Data.
[[0;32m  OK  [0m] Found device /dev/ttyS0.
[[0;32m  OK  [0m] Started Create Volatile Files and Directories.
         Starting Update UTMP about System Boot/Shutdown...
[[0;32m  OK  [0m] Started Commit a transient machine-id on disk.
[[0;32m  OK  [0m] Started Update UTMP about System Boot/Shutdown.
[[0;32m  OK  [0m] Listening on Load/Save RF Kill Switch Status /dev/rfkill Watch.
[[0;32m  OK  [0m] Started Set console font and keymap.
[   11.223723] cloud-init[503]: Cloud-init v. 19.4-33-gbb4131a2-0ubuntu1~16.04.1 running 'init-local' at Mon, 23 Mar 2020 00:43:25 +0000. Up 10.88 seconds.
[[0;32m  OK  [0m] Started LSB: AppArmor initialization.
[[0;32m  OK  [0m] Created slice system-getty.slice.
[[0;32m  OK  [0m] Started Initial cloud-init job (pre-networking).
[[0;32m  OK  [0m] Reached target Network (Pre).
         Starting Raise network interfaces...
[[0;32m  OK  [0m] Started Raise network interfaces.
[[0;32m  OK  [0m] Reached target Network.
         Starting Initial cloud-init job (metadata service crawler)...
[   12.570200] cloud-init[949]: Cloud-init v. 19.4-33-gbb4131a2-0ubuntu1~16.04.1 running 'init' at Mon, 23 Mar 2020 00:43:26 +0000. Up 12.01 seconds.
[   12.577155] cloud-init[949]: ci-info: ++++++++++++++++++++++++++++++++++++++Net device info++++++++++++++++++++++++++++++++++++++
[   12.578982] cloud-init[949]: ci-info: +--------+------+----------------------------+---------------+--------+-------------------+
[   12.580594] cloud-init[949]: ci-info: | Device |  Up  |          Address           |      Mask     | Scope  |     Hw-Address    |
[   12.588683] cloud-init[949]: ci-info: +--------+------+----------------------------+---------------+--------+-------------------+
[   12.590085] cloud-init[949]: ci-info: | enp0s3 | True |         10.0.2.15          | 255.255.255.0 | global | 02:90:e9:96:cf:60 |
[   12.591731] cloud-init[949]: ci-info: | enp0s3 | True | fe80::90:e9ff:fe96:cf60/64 |       .       |  link  | 02:90:e9:96:cf:60 |
[   12.593121] cloud-init[949]: ci-info: |   lo   | True |         127.0.0.1          |   255.0.0.0   |  host  |         .         |
[   12.594654] cloud-init[949]: ci-info: |   lo   | True |          ::1/128           |       .       |  host  |         .         |
[   12.601388] cloud-init[949]: ci-info: +--------+------+----------------------------+---------------+--------+-------------------+
[   12.603991] cloud-init[949]: ci-info: +++++++++++++++++++++++++++Route IPv4 info++++++++++++++++++++++++++++
[   12.613029] cloud-init[949]: ci-info: +-------+-------------+----------+---------------+-----------+-------+
[   12.614071] cloud-init[949]: ci-info: | Route | Destination | Gateway  |    Genmask    | Interface | Flags |
[   12.620906] cloud-init[949]: ci-info: +-------+-------------+----------+---------------+-----------+-------+
[   12.628774] cloud-init[949]: ci-info: |   0   |   0.0.0.0   | 10.0.2.2 |    0.0.0.0    |   enp0s3  |   UG  |
[   12.630298] cloud-init[949]: ci-info: |   1   |   10.0.2.0  | 0.0.0.0  | 255.255.255.0 |   enp0s3  |   U   |
[   12.631765] cloud-init[949]: ci-info: +-------+-------------+----------+---------------+-----------+-------+
[   12.640502] cloud-init[949]: ci-info: +++++++++++++++++++Route IPv6 info+++++++++++++++++++
[   12.641771] cloud-init[949]: ci-info: +-------+-------------+---------+-----------+-------+
[   12.643152] cloud-init[949]: ci-info: | Route | Destination | Gateway | Interface | Flags |
[   12.645380] cloud-init[949]: ci-info: +-------+-------------+---------+-----------+-------+
[   12.646926] cloud-init[949]: ci-info: |   0   |  fe80::/64  |    ::   |   enp0s3  |   U   |
[   12.648115] cloud-init[949]: ci-info: |   3   |   ff00::/8  |    ::   |   enp0s3  |   U   |
[[0;32m  OK  [0m] Started Initial cloud-init job (metadata service crawler).
[   12.657053] cloud-init[949]: ci-info: +-------+-------------+---------+-----------+-------+
[   12.658841] [[0;32m  OK  [0m] Reached target System Initialization.
cloud-init[949]: Generating public/private rsa key pair.
[   12.660432] [cloud-init[0;32m  OK  [0m[949]: ] Your identification has been saved in /etc/ssh/ssh_host_rsa_key.Listening on UUID daemon activation socket.

[[   12.661411] cloud-init[949]: Your public key has been saved in /etc/ssh/ssh_host_rsa_key.pub.
[   12.668845] cloud-init[949]: The key fingerprint is:
[   12.669965] cloud-init[949]: SHA256:siC0DbmPfhB61ponRbHMl5tj5BdLsDDeImspRBHpr/0 root@ubuntu-xenial
[   12.670264] cloud-init[949]: The key's randomart image is:
[0;32m  OK  [0m] Started Daily Cleanup of Temporary Directories.
[   12.671779] cloud-init[949]: +---[RSA 2048]----+
[   12.680393]          Starting LXD - unix socket.
[[0;32m  OK  [0m] Listening on ACPID Listen Socket.
[[0;32m  OK  [0m] Started Daily apt download activities.
[[0;32m  OK  [0m] Started Daily apt upgrade and clean activities.
[[0;32m  OK  [0m] Started Message of the Day.
cloud-init[949]: | o+              |
[   12.684063] [[0;32m  OK  [0m] Started ACPI Events Check.
[[0;32m  OK  [0m] Reached target Paths.
         Starting Socket activation for snappy daemon.
[[0;32m  OK  [0m] Listening on D-Bus System Message Bus Socket.
[[0;32m  OK  [0m] Reached target Timers.
cloud-init[949]: | o .+ .          |
[   12.687863] cloud-init[949]: |o ++ * +         |
[   12.688261] cloud-init[949]: | +o=B * o        |
[   12.688668] cloud-init[949]: |..=Bo=.+So       |
[[0;32m  OK  [0m] Reached target Cloud-config availability.
[[   12.688831] cloud-init[949]: |o B=o.*oo        |
[   12.690391] cloud-init[949]: | =+=...o         |
[0;32m  OK  [0m] Reached target Network is Online.
[   12.690678] cloud-init[949]: | o+.o            |
[   12.692678] cloud-init[949]: |  .+.E           |
[   12.693416] cloud-init[949]: +----[SHA256]-----+
[   12.700933] cloud-init[949]: Generating public/private dsa key pair.
[   12.701937] cloud-init[949]: Your identification has been saved in /etc/ssh/ssh_host_dsa_key.
[   12.703124] cloud-init[949]: Your public key has been saved in /etc/ssh/ssh_host_dsa_key.pub.
[   12.704484] cloud-init[949]: The key fingerprint is:
[   12.705553] cloud-init[949]: SHA256:BQNWdKOyqlE7BNw6I0UENFNjJ5a3D8fRNUulZnjy0/I root@ubuntu-xenial
[   12.706977] cloud-init[949]: The key's randomart image is:
[   12.707850] cloud-init[949]: +---[DSA 1024]----+
[   12.717298]          Starting iSCSI initiator daemon (iscsid)...
[[0;32m  OK  [0m] Listening on LXD - unix socket.
[[0;32m  OK  [0m] Listening on Socket activation for snappy daemon.
cloud-init[949]: |o*+*..o+* ++..   |
[   12.719493] [[0;32m  OK  [0m] Reached target Sockets.
[[0;32m  OK  [0m] Reached target Basic System.
cloud-init[949]: | o=o+o . *o.+    |
[   12.720762]          Starting LXD - container startup/shutdown...
cloud-init[949]: |  + o + oo.*     |
         Starting Pollinate to seed the pseudo random number generator...
[[0;32m  OK  [0m] Started ACPI event daemon.
         Starting Virtualbox guest utils...
         Starting Accounts Service...
         Starting System Logging Service...
[   12.722461] cloud-init[949]: | . o o = .* .    |         Starting Login Service...
[[0;32m  OK  [0m] Started Deferred execution scheduler.
[[0;32m  OK  [0m] Started D-Bus System Message Bus.

[   12.743715] cloud-init[949]: |. + o = S  + .   |
[   12.748542] cloud-init[949]: | . = o .    +    |
[   12.751978] cloud-init[949]: |  . +        E   |
[   12.763075] cloud-init[949]: |   o .           |
[   12.765733] cloud-init[949]: |  .              |
[   12.766976] cloud-init[949]: +----[SHA256]-----+
[   12.769395] cloud-init[949]: Generating public/private ecdsa key pair.
[   12.772268] cloud-init[949]: Your identification has been saved in /etc/ssh/ssh_host_ecdsa_key.
[   12.774911] cloud-init[949]: Your public key has been saved in /etc/ssh/ssh_host_ecdsa_key.pub.
[   12.776856] cloud-init[949]: The key fingerprint is:
[   12.779703] cloud-init[949]: SHA256:dM5GSMbXHuH7yj956TDcHHCwZ2kcQRWVaplYwKGEW7E root@ubuntu-xenial
[   12.781529] cloud-init[949]: The key's randomart image is:
[   12.783240] cloud-init[949]: +---[ECDSA 256]---+
[   12.786058] cloud-init[949]: |       .+oo++o.=O|
[   12.787650] cloud-init[949]: |       +oo+oo.+.o|
[   12.789573] cloud-init[949]: |        =Eo.+++B |
[   12.790635] cloud-init[949]: |       o = ..**  |
[   12.791923] cloud-init[949]: |        S + o  . |
[   12.797493] cloud-init[949]: |         .  ..o .|
[   12.799767] cloud-init[949]: |             +.+.|
[   12.801606] cloud-init[949]: |           . .=..|
[   12.803142] cloud-init[949]: |            o.o+ |
         Starting LSB: Record successful boot for GRUB...
[   12.821353] cloud-init[949]: [[0;32m  OK  [0m] Started Regular background program processing daemon.
[[0;32m  OK  [0m] Started FUSE filesystem for LXC.
         Starting LSB: MD monitoring daemon...
         Starting /etc/rc.local Compatibility...
         Starting Snappy daemon...
[[0;32m  OK  [0m] Started System Logging Service.
[[0;32m  OK  [0m] Started iSCSI initiator daemon (iscsid).
[[0;32m  OK  [0m] Started /etc/rc.local Compatibility.
+----[SHA256]-----+
[   12.837932] cloud-init[949]: Generating public/private ed25519 key pair.
[   12.850745] cloud-init[949]: Your identification has been saved in /etc/ssh/ssh_host_ed25519_key.[[0;32m  OK  [0m] Started Login Service.

[   12.857551] cloud-init[949]: Your public key has been saved in /etc/ssh/ssh_host_ed25519_key.pub.
[[0;32m  OK  [0m] Started Unattended Upgrades Shutdown.
         Starting Authenticate and Authorize Users to Run Privileged Tasks...
         Starting Login to default iSCSI targets...
[[0;32m  OK  [0m] Started LSB: Record successful boot for GRUB.
[   12.951430] cloud-init[949]: The key fingerprint is:
[   13.044579] cloud-init[949]: SHA256:Kb4DF8Y+P3zvPaS7BoYP3V49StW9jiNXjoCn2rzL4QI root@ubuntu-xenial
[   13.085773] cloud-init[949]: The key's randomart image is:
[   13.131784] cloud-init[949]: +--[ED25519 256]--+
[   13.134256] cloud-init[949]: |                 |
[   13.218869] cloud-init[949]: |                 |
[   13.257385] cloud-init[949]: |     .          o|
[   13.303253] cloud-init[949]: |      +  .     .o|
[[0;32m  OK  [0m] Started LSB: MD monitoring daemon.
[   13.348786] cloud-init[949]: |     o..So..  ...|
[   13.385314] cloud-init[949]: |    .E+.o.+o..o+.|
[   13.386281] cloud-init[949]: |     oo+ =ooo+B .|
[   13.388602] cloud-init[949]: |      .oO.+.+B.o |
[   13.390025] cloud-init[949]: |      .ooXo+Boo. |
[   13.390994] cloud-init[949]: +----[SHA256]-----+
[[0;32m  OK  [0m] Started Login to default iSCSI targets.
[[0;32m  OK  [0m] Reached target Remote File Systems (Pre).
[[0;32m  OK  [0m] Reached target Remote File Systems.
         Starting LSB: daemon to balance interrupts for SMP systems...
         Starting LSB: Set the CPU Frequency Scaling governor to "ondemand"...
         Starting Permit User Sessions...
         Starting LSB: automatic crash report generation...
[[0;32m  OK  [0m] Started LXD - container startup/shutdown.
[[0;32m  OK  [0m] Started Permit User Sessions.
         Starting Hold until boot process finishes up...
         Starting Terminate Plymouth Boot Screen...
[[0;32m  OK  [0m] Started LSB: Set the CPU Frequency Scaling governor to "ondemand".
[[0;32m  OK  [0m] Started LSB: automatic crash report generation.
[[0;32m  OK  [0m] Started Hold until boot process finishes up.
[[0;32m  OK  [0m] Started LSB: daemon to balance interrupts for SMP systems.
[[0;32m  OK  [0m] Started Terminate Plymouth Boot Screen.
[[0;32m  OK  [0m] Started Authenticate and Authorize Users to Run Privileged Tasks.
[[0;32m  OK  [0m] Started Accounts Service.
[[0;32m  OK  [0m] Started Serial Getty on ttyS0.
[[0;32m  OK  [0m] Started Getty on tty1.
[[0;32m  OK  [0m] Reached target Login Prompts.
         Starting Set console scheme...
[[0;32m  OK  [0m] Started Virtualbox guest utils.
[[0;32m  OK  [0m] Started Set console scheme.
[[0;32m  OK  [0m] Started Snappy daemon.
         Starting Wait until snapd is fully seeded...
[[0;32m  OK  [0m] Started Pollinate to seed the pseudo random number generator.
         Starting OpenBSD Secure Shell server...
[[0;32m  OK  [0m] Started OpenBSD Secure Shell server.
[[0;32m  OK  [0m] Created slice User Slice of vagrant.
         Starting User Manager for UID 1000...
[[0;32m  OK  [0m] Started Session 1 of user vagrant.
[[0;32m  OK  [0m] Started User Manager for UID 1000.
[[0;32m  OK  [0m] Started Wait until snapd is fully seeded.
[[0;32m  OK  [0m] Reached target Multi-User System.
[[0;32m  OK  [0m] Reached target Graphical Interface.
         Starting Update UTMP about System Runlevel Changes...
         Starting Apply the settings specified in cloud-config...
[[0;32m  OK  [0m] Started Update UTMP about System Runlevel Changes.
[   18.229157] cloud-init[1393]: Generating locales (this might take a while)...

Ubuntu 16.04.6 LTS ubuntu-xenial ttyS0

ubuntu-xenial login: [   20.737707] cloud-init[1393]:   en_US.UTF-8... done
[   20.738184] cloud-init[1393]: Generation complete.
[   21.073417] cloud-init[1393]: Cloud-init v. 19.4-33-gbb4131a2-0ubuntu1~16.04.1 running 'modules:config' at Mon, 23 Mar 2020 00:43:32 +0000. Up 18.10 seconds.
ci-info: no authorized SSH keys fingerprints found for user ubuntu.
<14>Mar 23 00:43:36 ec2: 
<14>Mar 23 00:43:36 ec2: #############################################################
<14>Mar 23 00:43:36 ec2: -----BEGIN SSH HOST KEY FINGERPRINTS-----
<14>Mar 23 00:43:36 ec2: 1024 SHA256:BQNWdKOyqlE7BNw6I0UENFNjJ5a3D8fRNUulZnjy0/I root@ubuntu-xenial (DSA)
<14>Mar 23 00:43:36 ec2: 256 SHA256:dM5GSMbXHuH7yj956TDcHHCwZ2kcQRWVaplYwKGEW7E root@ubuntu-xenial (ECDSA)
<14>Mar 23 00:43:36 ec2: 256 SHA256:Kb4DF8Y+P3zvPaS7BoYP3V49StW9jiNXjoCn2rzL4QI root@ubuntu-xenial (ED25519)
<14>Mar 23 00:43:36 ec2: 2048 SHA256:siC0DbmPfhB61ponRbHMl5tj5BdLsDDeImspRBHpr/0 root@ubuntu-xenial (RSA)
<14>Mar 23 00:43:36 ec2: -----END SSH HOST KEY FINGERPRINTS-----
<14>Mar 23 00:43:36 ec2: #############################################################
-----BEGIN SSH HOST KEY KEYS-----
ecdsa-sha2-nistp256 AAAAE2VjZHNhLXNoYTItbmlzdHAyNTYAAAAIbmlzdHAyNTYAAABBBF2x9snQJy9f9bnbUGzbI6ZuuUhS+ljADdl/GLa60xhJpbBG747JGS+n1ebsPjv73wpi2ayWanpsgPAgGeEn90g= root@ubuntu-xenial
ssh-ed25519 AAAAC3NzaC1lZDI1NTE5AAAAIHC8kTt784BjN8zWsxYk2pMgz9xi85Y7bTr0xBf+1Pk7 root@ubuntu-xenial
ssh-rsa AAAAB3NzaC1yc2EAAAADAQABAAABAQCtpVIJKNBxVuUuSkyOeD1LoP16V3mqrlLfKAxMeMext8Nq7E5dqppbV8HdC8IJjEkD9+Tes7N6MM4LWHbDOTqJ8zj1XvgCdAGQgUx/xna27wZremxpRNsZtleMpZoh6pbqp/xXvQB2vb+9tE8s7sZOT1l903HJ8xoXDDr+1uzb8ylh30xU+vdVYoAlXcYdgWRmROxJQvBHmSvXhEoLCdZ7WGCW0/ikslYWHTWgt4A5e6MzfEE/lsevN6N3eeO8Z5rpWyB7RUE2vrIT/wk9FQz8GzgdnqYipTKq5BPVOoDHWYXbii94Lw5CnaNcHajx9v57Z3POuD8UKliP3bvjQ/aL root@ubuntu-xenial
-----END SSH HOST KEY KEYS-----
[   21.611042] cloud-init[1545]: Cloud-init v. 19.4-33-gbb4131a2-0ubuntu1~16.04.1 running 'modules:final' at Mon, 23 Mar 2020 00:43:36 +0000. Up 21.46 seconds.
[   21.612840] cloud-init[1545]: ci-info: no authorized SSH keys fingerprints found for user ubuntu.
[   21.614150] cloud-init[1545]: Cloud-init v. 19.4-33-gbb4131a2-0ubuntu1~16.04.1 finished at Mon, 23 Mar 2020 00:43:36 +0000. Datasource DataSourceNoCloud [seed=/dev/sdb][dsmode=net].  Up 21.60 seconds
